Started GET "/se" for ::1 at 2017-07-13 16:25:42 +0700
  
SyntaxError (C:/Users/phorn.borrom/Desktop/web/sync-starter/app/controllers/application_controller.rb:3: syntax error, unexpected ':', expecting keyword_end
    render: file => 'public/index.html
           ^
C:/Users/phorn.borrom/Desktop/web/sync-starter/app/controllers/application_controller.rb:3: unterminated string meets end of file):
  
app/controllers/application_controller.rb:3: syntax error, unexpected ':', expecting keyword_end
app/controllers/application_controller.rb:3: unterminated string meets end of file
Started GET "/se" for ::1 at 2017-07-13 16:27:56 +0700
  
SyntaxError (C:/Users/phorn.borrom/Desktop/web/sync-starter/app/controllers/application_controller.rb:3: unterminated string meets end of file
C:/Users/phorn.borrom/Desktop/web/sync-starter/app/controllers/application_controller.rb:3: syntax error, unexpected end-of-input, expecting keyword_end):
  
app/controllers/application_controller.rb:3: unterminated string meets end of file
app/controllers/application_controller.rb:3: syntax error, unexpected end-of-input, expecting keyword_end
Started GET "/se" for ::1 at 2017-07-13 16:28:34 +0700
  
SyntaxError (C:/Users/phorn.borrom/Desktop/web/sync-starter/app/controllers/application_controller.rb:3: unterminated string meets end of file
C:/Users/phorn.borrom/Desktop/web/sync-starter/app/controllers/application_controller.rb:3: syntax error, unexpected end-of-input, expecting keyword_end):
  
app/controllers/application_controller.rb:3: unterminated string meets end of file
app/controllers/application_controller.rb:3: syntax error, unexpected end-of-input, expecting keyword_end
Started GET "/se" for ::1 at 2017-07-13 16:29:32 +0700
Processing by ApplicationController#index as HTML
  Parameters: {"any"=>"se"}
Completed 500 Internal Server Error in 111ms (ActiveRecord: 0.0ms)


  
ActionView::MissingTemplate (Missing template path/index.html with {:locale=>[:en], :formats=>[:html], :variants=>[], :handlers=>[:raw, :erb, :html, :builder, :ruby]}. Searched in:
  * "C:/Users/phorn.borrom/Desktop/web/sync-starter/app/views"
  * "C:/Users/phorn.borrom/Desktop/web/sync-starter"
  * "C:/"
):
  
app/controllers/application_controller.rb:3:in `index'
Started GET "/se" for ::1 at 2017-07-13 16:29:45 +0700
Processing by ApplicationController#index as HTML
  Parameters: {"any"=>"se"}
Completed 500 Internal Server Error in 50ms (ActiveRecord: 0.0ms)


  
ActionView::MissingTemplate (Missing template path/index.html with {:locale=>[:en], :formats=>[:html], :variants=>[], :handlers=>[:raw, :erb, :html, :builder, :ruby]}. Searched in:
  * "C:/Users/phorn.borrom/Desktop/web/sync-starter/app/views"
  * "C:/Users/phorn.borrom/Desktop/web/sync-starter"
  * "C:/"
):
  
app/controllers/application_controller.rb:3:in `index'
Started GET "/se" for ::1 at 2017-07-13 16:29:53 +0700
Processing by ApplicationController#index as HTML
  Parameters: {"any"=>"se"}
Completed 500 Internal Server Error in 45ms (ActiveRecord: 0.0ms)


  
ActionView::MissingTemplate (Missing template path/index.html with {:locale=>[:en], :formats=>[:html], :variants=>[], :handlers=>[:raw, :erb, :html, :builder, :ruby]}. Searched in:
  * "C:/Users/phorn.borrom/Desktop/web/sync-starter/app/views"
  * "C:/Users/phorn.borrom/Desktop/web/sync-starter"
  * "C:/"
):
  
app/controllers/application_controller.rb:3:in `index'
Started GET "/se" for ::1 at 2017-07-13 16:30:00 +0700
Processing by ApplicationController#index as HTML
  Parameters: {"any"=>"se"}
  Rendering public/index.html
  Rendered public/index.html (12.0ms)
Completed 200 OK in 101ms (Views: 100.7ms | ActiveRecord: 0.0ms)


Started GET "/se" for ::1 at 2017-07-13 16:30:03 +0700
Processing by ApplicationController#index as HTML
  Parameters: {"any"=>"se"}
  Rendering public/index.html
  Rendered public/index.html (1.0ms)
Completed 200 OK in 80ms (Views: 79.4ms | ActiveRecord: 0.0ms)


Started GET "/se" for ::1 at 2017-07-13 16:30:15 +0700
Processing by ApplicationController#index as HTML
  Parameters: {"any"=>"se"}
  Rendering public/index.html
  Rendered public/index.html (0.5ms)
Completed 200 OK in 84ms (Views: 84.1ms | ActiveRecord: 0.0ms)


Started GET "/se" for ::1 at 2017-07-13 16:30:21 +0700
Processing by ApplicationController#index as HTML
  Parameters: {"any"=>"se"}
  Rendering public/index.html
  Rendered public/index.html (0.5ms)
Completed 200 OK in 87ms (Views: 87.0ms | ActiveRecord: 0.0ms)


Started GET "/se/sfe" for ::1 at 2017-07-13 16:30:23 +0700
Processing by ApplicationController#index as HTML
  Parameters: {"any"=>"se/sfe"}
  Rendering public/index.html
  Rendered public/index.html (0.5ms)
Completed 200 OK in 94ms (Views: 94.1ms | ActiveRecord: 0.0ms)


Started GET "/api/v1/articles" for 127.0.0.1 at 2017-07-13 16:47:24 +0700
Processing by ApplicationController#index as HTML
  Parameters: {"any"=>"api/v1/articles"}
  Rendering public/index.html
  Rendered public/index.html (2.0ms)
Completed 200 OK in 94ms (Views: 93.6ms | ActiveRecord: 0.0ms)


Started GET "/api/v1/articles" for 127.0.0.1 at 2017-07-13 16:48:04 +0700
  
SyntaxError (C:/Users/phorn.borrom/Desktop/web/sync-starter/app/controllers/api/v1/articles_controller.rb:1: class/module name must be CONSTANT
class V1::articlesController < Api::RestController
                              ^):
  
app/controllers/api/v1/articles_controller.rb:1: class/module name must be CONSTANT
Started GET "/api/v1/articles" for 127.0.0.1 at 2017-07-13 16:49:29 +0700
  
SyntaxError (C:/Users/phorn.borrom/Desktop/web/sync-starter/app/controllers/api/v1/articles_controller.rb:1: class/module name must be CONSTANT
class V1::articlesController < RestController
                              ^):
  
app/controllers/api/v1/articles_controller.rb:1: class/module name must be CONSTANT
Started GET "/api/v1/articles" for 127.0.0.1 at 2017-07-13 16:50:12 +0700
  
ActionController::RoutingError (uninitialized constant V1):
  
app/controllers/api/v1/articles_controller.rb:1:in `<top (required)>'
Started GET "/api/v1/articles" for 127.0.0.1 at 2017-07-13 16:51:09 +0700
  
ArgumentError ('Api/V1/articles' is not a supported controller name. This can lead to potential routing problems. See http://guides.rubyonrails.org/routing.html#specifying-a-controller-to-use):
  
config/routes.rb:5:in `block (3 levels) in <top (required)>'
config/routes.rb:4:in `block (2 levels) in <top (required)>'
config/routes.rb:3:in `block in <top (required)>'
config/routes.rb:1:in `<top (required)>'
Started GET "/api/v1/articles" for 127.0.0.1 at 2017-07-13 16:51:49 +0700
  
ActionController::RoutingError (uninitialized constant V1):
  
app/controllers/api/v1/articles_controller.rb:1:in `<top (required)>'
Started GET "/api/v1/articles" for 127.0.0.1 at 2017-07-14 15:04:37 +0700
  
ActionController::RoutingError (uninitialized constant V1):
  
app/controllers/api/v1/articles_controller.rb:1:in `<top (required)>'
Started GET "/api/v1/articles" for 127.0.0.1 at 2017-07-14 15:06:22 +0700
  
LoadError (Unable to autoload constant Api::V1::ArticlesController, expected C:/Users/phorn.borrom/Desktop/web/sync-starter/app/controllers/api/v1/articles_controller.rb to define it):
  
activesupport (5.0.4) lib/active_support/dependencies.rb:512:in `load_missing_constant'
activesupport (5.0.4) lib/active_support/dependencies.rb:203:in `const_missing'
activesupport (5.0.4) lib/active_support/inflector/methods.rb:270:in `const_get'
activesupport (5.0.4) lib/active_support/inflector/methods.rb:270:in `block in constantize'
activesupport (5.0.4) lib/active_support/inflector/methods.rb:266:in `each'
activesupport (5.0.4) lib/active_support/inflector/methods.rb:266:in `inject'
activesupport (5.0.4) lib/active_support/inflector/methods.rb:266:in `constantize'
activesupport (5.0.4) lib/active_support/dependencies.rb:583:in `get'
activesupport (5.0.4) lib/active_support/dependencies.rb:614:in `constantize'
actionpack (5.0.4) lib/action_dispatch/http/request.rb:81:in `controller_class'
actionpack (5.0.4) lib/action_dispatch/routing/route_set.rb:44:in `controller'
actionpack (5.0.4) lib/action_dispatch/routing/route_set.rb:30:in `serve'
actionpack (5.0.4) lib/action_dispatch/journey/router.rb:39:in `block in serve'
actionpack (5.0.4) lib/action_dispatch/journey/router.rb:26:in `each'
actionpack (5.0.4) lib/action_dispatch/journey/router.rb:26:in `serve'
actionpack (5.0.4) lib/action_dispatch/routing/route_set.rb:725:in `call'
rack (2.0.3) lib/rack/etag.rb:25:in `call'
rack (2.0.3) lib/rack/conditional_get.rb:25:in `call'
rack (2.0.3) lib/rack/head.rb:12:in `call'
activerecord (5.0.4) lib/active_record/migration.rb:553:in `call'
actionpack (5.0.4) lib/action_dispatch/middleware/callbacks.rb:38:in `block in call'
activesupport (5.0.4) lib/active_support/callbacks.rb:97:in `__run_callbacks__'
activesupport (5.0.4) lib/active_support/callbacks.rb:750:in `_run_call_callbacks'
activesupport (5.0.4) lib/active_support/callbacks.rb:90:in `run_callbacks'
actionpack (5.0.4) lib/action_dispatch/middleware/callbacks.rb:36:in `call'
actionpack (5.0.4) lib/action_dispatch/middleware/executor.rb:12:in `call'
actionpack (5.0.4) lib/action_dispatch/middleware/remote_ip.rb:79:in `call'
actionpack (5.0.4) lib/action_dispatch/middleware/debug_exceptions.rb:49:in `call'
actionpack (5.0.4) lib/action_dispatch/middleware/show_exceptions.rb:31:in `call'
railties (5.0.4) lib/rails/rack/logger.rb:36:in `call_app'
railties (5.0.4) lib/rails/rack/logger.rb:24:in `block in call'
activesupport (5.0.4) lib/active_support/tagged_logging.rb:69:in `block in tagged'
activesupport (5.0.4) lib/active_support/tagged_logging.rb:26:in `tagged'
activesupport (5.0.4) lib/active_support/tagged_logging.rb:69:in `tagged'
railties (5.0.4) lib/rails/rack/logger.rb:24:in `call'
actionpack (5.0.4) lib/action_dispatch/middleware/request_id.rb:24:in `call'
rack (2.0.3) lib/rack/runtime.rb:22:in `call'
activesupport (5.0.4) lib/active_support/cache/strategy/local_cache_middleware.rb:28:in `call'
actionpack (5.0.4) lib/action_dispatch/middleware/executor.rb:12:in `call'
actionpack (5.0.4) lib/action_dispatch/middleware/static.rb:136:in `call'
rack (2.0.3) lib/rack/sendfile.rb:111:in `call'
railties (5.0.4) lib/rails/engine.rb:522:in `call'
puma (3.9.1) lib/puma/configuration.rb:224:in `call'
puma (3.9.1) lib/puma/server.rb:602:in `handle_request'
puma (3.9.1) lib/puma/server.rb:435:in `process_client'
puma (3.9.1) lib/puma/server.rb:299:in `block in run'
puma (3.9.1) lib/puma/thread_pool.rb:120:in `block in spawn_thread'
  [1m[35m (149.1ms)[0m  [1m[35mCREATE TABLE "schema_migrations" ("version" varchar NOT NULL PRIMARY KEY)[0m
  [1m[35m (99.1ms)[0m  [1m[35mCREATE TABLE "ar_internal_metadata" ("key" varchar NOT NULL PRIMARY KEY, "value" varchar, "created_at" datetime NOT NULL, "updated_at" datetime NOT NULL)[0m
  [1m[36mActiveRecord::InternalMetadata Load (0.0ms)[0m  [1m[34mSELECT  "ar_internal_metadata".* FROM "ar_internal_metadata" WHERE "ar_internal_metadata"."key" = ? LIMIT ?[0m  [["key", "environment"], ["LIMIT", 1]]
  [1m[35m (0.0ms)[0m  [1m[36mbegin transaction[0m
  [1m[35mSQL (2.0ms)[0m  [1m[32mINSERT INTO "ar_internal_metadata" ("key", "value", "created_at", "updated_at") VALUES (?, ?, ?, ?)[0m  [["key", "environment"], ["value", "development"], ["created_at", "2017-07-14 08:08:08.891651"], ["updated_at", "2017-07-14 08:08:08.891651"]]
  [1m[35m (99.1ms)[0m  [1m[36mcommit transaction[0m
  [1m[36mActiveRecord::SchemaMigration Load (0.0ms)[0m  [1m[34mSELECT "schema_migrations".* FROM "schema_migrations"[0m
Started GET "/api/v1/articles" for 127.0.0.1 at 2017-07-14 15:08:13 +0700
  
TypeError (superclass mismatch for class ArticlesController):
  
app/controllers/api/v1/articles_controller.rb:1:in `<top (required)>'
Started GET "/api/v1/articles" for 127.0.0.1 at 2017-07-14 15:08:44 +0700
  
ActionController::RoutingError (uninitialized constant V1):
  
app/controllers/api/v1/articles_controller.rb:1:in `<top (required)>'
Started GET "/api/v1/articles" for 127.0.0.1 at 2017-07-14 15:09:12 +0700
Processing by Api::V1::ArticlesController#index as HTML
Completed 200 OK in 0ms (Views: 0.2ms | ActiveRecord: 0.0ms)


Started GET "/api/v1/articles" for 127.0.0.1 at 2017-07-14 15:09:14 +0700
Processing by Api::V1::ArticlesController#index as HTML
Completed 200 OK in 1ms (Views: 0.3ms | ActiveRecord: 0.0ms)


Started GET "/api/v1/articles" for 127.0.0.1 at 2017-07-14 15:09:20 +0700
Processing by Api::V1::ArticlesController#index as HTML
Completed 200 OK in 1ms (Views: 0.3ms | ActiveRecord: 0.0ms)


Started GET "/api/v1/articles" for 127.0.0.1 at 2017-07-14 15:09:42 +0700
Processing by Api::V1::ArticlesController#index as HTML
Completed 200 OK in 0ms (Views: 0.2ms | ActiveRecord: 0.0ms)


Started GET "/api/v1/articles" for 127.0.0.1 at 2017-07-14 15:16:59 +0700
  [1m[36mActiveRecord::SchemaMigration Load (1.0ms)[0m  [1m[34mSELECT "schema_migrations".* FROM "schema_migrations"[0m
  
ActiveRecord::PendingMigrationError (

Migrations are pending. To resolve this issue, run:

        bin/rails db:migrate RAILS_ENV=development

):
  
activerecord (5.0.4) lib/active_record/migration.rb:573:in `check_pending!'
activerecord (5.0.4) lib/active_record/migration.rb:549:in `call'
actionpack (5.0.4) lib/action_dispatch/middleware/callbacks.rb:38:in `block in call'
activesupport (5.0.4) lib/active_support/callbacks.rb:97:in `__run_callbacks__'
activesupport (5.0.4) lib/active_support/callbacks.rb:750:in `_run_call_callbacks'
activesupport (5.0.4) lib/active_support/callbacks.rb:90:in `run_callbacks'
actionpack (5.0.4) lib/action_dispatch/middleware/callbacks.rb:36:in `call'
actionpack (5.0.4) lib/action_dispatch/middleware/executor.rb:12:in `call'
actionpack (5.0.4) lib/action_dispatch/middleware/remote_ip.rb:79:in `call'
actionpack (5.0.4) lib/action_dispatch/middleware/debug_exceptions.rb:49:in `call'
actionpack (5.0.4) lib/action_dispatch/middleware/show_exceptions.rb:31:in `call'
railties (5.0.4) lib/rails/rack/logger.rb:36:in `call_app'
railties (5.0.4) lib/rails/rack/logger.rb:24:in `block in call'
activesupport (5.0.4) lib/active_support/tagged_logging.rb:69:in `block in tagged'
activesupport (5.0.4) lib/active_support/tagged_logging.rb:26:in `tagged'
activesupport (5.0.4) lib/active_support/tagged_logging.rb:69:in `tagged'
railties (5.0.4) lib/rails/rack/logger.rb:24:in `call'
actionpack (5.0.4) lib/action_dispatch/middleware/request_id.rb:24:in `call'
rack (2.0.3) lib/rack/runtime.rb:22:in `call'
activesupport (5.0.4) lib/active_support/cache/strategy/local_cache_middleware.rb:28:in `call'
actionpack (5.0.4) lib/action_dispatch/middleware/executor.rb:12:in `call'
actionpack (5.0.4) lib/action_dispatch/middleware/static.rb:136:in `call'
rack (2.0.3) lib/rack/sendfile.rb:111:in `call'
railties (5.0.4) lib/rails/engine.rb:522:in `call'
puma (3.9.1) lib/puma/configuration.rb:224:in `call'
puma (3.9.1) lib/puma/server.rb:602:in `handle_request'
puma (3.9.1) lib/puma/server.rb:435:in `process_client'
puma (3.9.1) lib/puma/server.rb:299:in `block in run'
puma (3.9.1) lib/puma/thread_pool.rb:120:in `block in spawn_thread'
  [1m[36mActiveRecord::SchemaMigration Load (0.0ms)[0m  [1m[34mSELECT "schema_migrations".* FROM "schema_migrations"[0m
Migrating to CreateArticles (20170714081502)
  [1m[35m (0.0ms)[0m  [1m[36mbegin transaction[0m
  [1m[35m (1.0ms)[0m  [1m[35mCREATE TABLE "articles" ("id" INTEGER PRIMARY KEY AUTOINCREMENT NOT NULL, "title" varchar, "body" varchar, "published" boolean, "created_at" datetime NOT NULL, "updated_at" datetime NOT NULL)[0m
  [1m[35mSQL (0.0ms)[0m  [1m[32mINSERT INTO "schema_migrations" ("version") VALUES (?)[0m  [["version", "20170714081502"]]
  [1m[35m (90.1ms)[0m  [1m[36mcommit transaction[0m
  [1m[36mActiveRecord::InternalMetadata Load (0.0ms)[0m  [1m[34mSELECT  "ar_internal_metadata".* FROM "ar_internal_metadata" WHERE "ar_internal_metadata"."key" = ? LIMIT ?[0m  [["key", "environment"], ["LIMIT", 1]]
  [1m[35m (0.0ms)[0m  [1m[36mbegin transaction[0m
  [1m[35m (0.0ms)[0m  [1m[36mcommit transaction[0m
  [1m[36mActiveRecord::SchemaMigration Load (0.0ms)[0m  [1m[34mSELECT "schema_migrations".* FROM "schema_migrations"[0m
Started GET "/api/v1/articles" for 127.0.0.1 at 2017-07-14 15:17:18 +0700
  [1m[36mActiveRecord::SchemaMigration Load (0.0ms)[0m  [1m[34mSELECT "schema_migrations".* FROM "schema_migrations"[0m
Processing by Api::V1::ArticlesController#index as HTML
  [1m[36mArticle Load (1.0ms)[0m  [1m[34mSELECT "articles".* FROM "articles"[0m
Completed 200 OK in 10ms (Views: 1.2ms | ActiveRecord: 1.0ms)


Started GET "/api/v1/articles" for 127.0.0.1 at 2017-07-14 15:17:20 +0700
Processing by Api::V1::ArticlesController#index as HTML
  [1m[36mArticle Load (0.0ms)[0m  [1m[34mSELECT "articles".* FROM "articles"[0m
Completed 200 OK in 1ms (Views: 1.0ms | ActiveRecord: 0.0ms)


Started POST "/api/v1/articles" for 127.0.0.1 at 2017-07-14 15:27:48 +0700
Processing by Api::V1::ArticlesController#create as */*
  Parameters: {"title"=>"Hello from Rails", "body"=>"Rails is love!", "article"=>{"title"=>"Hello from Rails", "body"=>"Rails is love!"}}
  [1m[35m (0.0ms)[0m  [1m[36mbegin transaction[0m
  [1m[35mSQL (4.0ms)[0m  [1m[32mINSERT INTO "articles" ("title", "body", "created_at", "updated_at") VALUES (?, ?, ?, ?)[0m  [["title", "Hello from Rails"], ["body", "Rails is love!"], ["created_at", "2017-07-14 08:27:49.024906"], ["updated_at", "2017-07-14 08:27:49.024906"]]
  [1m[35m (69.0ms)[0m  [1m[36mcommit transaction[0m
Completed 500 Internal Server Error in 255ms (ActiveRecord: 74.0ms)


  
NoMethodError (undefined method `article_url' for #<Api::V1::ArticlesController:0x565b918>
Did you mean?  article_params):
  
app/controllers/api/v1/articles_controller.rb:16:in `create'
Started POST "/api/v1/articles" for 127.0.0.1 at 2017-07-14 15:29:45 +0700
Processing by Api::V1::ArticlesController#create as */*
  Parameters: {"articles"=>{"title"=>"Hello from Rails", "body"=>"Rails is love!"}, "article"=>{}}
Completed 400 Bad Request in 1ms (ActiveRecord: 0.0ms)


  
ActionController::ParameterMissing (param is missing or the value is empty: article):
  
app/controllers/api/v1/articles_controller.rb:40:in `article_params'
app/controllers/api/v1/articles_controller.rb:14:in `create'
Started POST "/api/v1/articles" for 127.0.0.1 at 2017-07-14 15:30:04 +0700
Processing by Api::V1::ArticlesController#create as */*
  Parameters: {"article"=>{"title"=>"Hello from Rails", "body"=>"Rails is love!"}}
  [1m[35m (0.5ms)[0m  [1m[36mbegin transaction[0m
  [1m[35mSQL (2.5ms)[0m  [1m[32mINSERT INTO "articles" ("title", "body", "created_at", "updated_at") VALUES (?, ?, ?, ?)[0m  [["title", "Hello from Rails"], ["body", "Rails is love!"], ["created_at", "2017-07-14 08:30:04.345521"], ["updated_at", "2017-07-14 08:30:04.345521"]]
  [1m[35m (90.2ms)[0m  [1m[36mcommit transaction[0m
Completed 500 Internal Server Error in 179ms (ActiveRecord: 93.2ms)


  
NoMethodError (undefined method `article_url' for #<Api::V1::ArticlesController:0x3794a18>
Did you mean?  article_params):
  
app/controllers/api/v1/articles_controller.rb:16:in `create'
Started POST "/api/v1/articles" for 127.0.0.1 at 2017-07-14 15:30:52 +0700
Processing by Api::V1::ArticlesController#create as */*
  Parameters: {"title"=>"Hello from Rails", "body"=>"Rails is love!", "article"=>{"title"=>"Hello from Rails", "body"=>"Rails is love!"}}
  [1m[35m (0.5ms)[0m  [1m[36mbegin transaction[0m
  [1m[35mSQL (2.0ms)[0m  [1m[32mINSERT INTO "articles" ("title", "body", "created_at", "updated_at") VALUES (?, ?, ?, ?)[0m  [["title", "Hello from Rails"], ["body", "Rails is love!"], ["created_at", "2017-07-14 08:30:52.063325"], ["updated_at", "2017-07-14 08:30:52.063325"]]
  [1m[35m (99.6ms)[0m  [1m[36mcommit transaction[0m
Completed 500 Internal Server Error in 175ms (ActiveRecord: 102.1ms)


  
NoMethodError (undefined method `article_url' for #<Api::V1::ArticlesController:0x595f410>
Did you mean?  article_params):
  
app/controllers/api/v1/articles_controller.rb:16:in `create'
Started POST "/api/v1/articles" for 127.0.0.1 at 2017-07-14 15:31:57 +0700
Processing by Api::V1::ArticlesController#create as */*
  Parameters: {"title"=>"Hello from Rails", "body"=>"Rails is love!", "published"=>false, "article"=>{"title"=>"Hello from Rails", "body"=>"Rails is love!", "published"=>false}}
  [1m[35m (0.0ms)[0m  [1m[36mbegin transaction[0m
  [1m[35mSQL (2.0ms)[0m  [1m[32mINSERT INTO "articles" ("title", "body", "published", "created_at", "updated_at") VALUES (?, ?, ?, ?, ?)[0m  [["title", "Hello from Rails"], ["body", "Rails is love!"], ["published", "f"], ["created_at", "2017-07-14 08:31:57.847426"], ["updated_at", "2017-07-14 08:31:57.847426"]]
  [1m[35m (124.4ms)[0m  [1m[36mcommit transaction[0m
Completed 500 Internal Server Error in 221ms (ActiveRecord: 126.4ms)


  
NoMethodError (undefined method `article_url' for #<Api::V1::ArticlesController:0x51f45a8>
Did you mean?  article_params):
  
app/controllers/api/v1/articles_controller.rb:16:in `create'
Started POST "/api/v1/articles" for 127.0.0.1 at 2017-07-14 15:33:02 +0700
Processing by Api::V1::ArticlesController#create as */*
  Parameters: {"title"=>"Hello from Rails", "body"=>"Rails is love!", "published"=>false, "article"=>{"title"=>"Hello from Rails", "body"=>"Rails is love!", "published"=>false}}
Completed 200 OK in 1ms (Views: 0.2ms | ActiveRecord: 0.0ms)


Started POST "/api/v1/articles" for 127.0.0.1 at 2017-07-14 15:34:53 +0700
Processing by Api::V1::ArticlesController#create as */*
  Parameters: {"title"=>"Hello from Rails", "body"=>"Rails is love!", "published"=>false, "article"=>{"title"=>"Hello from Rails", "body"=>"Rails is love!", "published"=>false}}
  [1m[35m (0.0ms)[0m  [1m[36mbegin transaction[0m
  [1m[35mSQL (1.5ms)[0m  [1m[32mINSERT INTO "articles" ("title", "body", "published", "created_at", "updated_at") VALUES (?, ?, ?, ?, ?)[0m  [["title", "Hello from Rails"], ["body", "Rails is love!"], ["published", "f"], ["created_at", "2017-07-14 08:34:53.921827"], ["updated_at", "2017-07-14 08:34:53.921827"]]
  [1m[35m (126.2ms)[0m  [1m[36mcommit transaction[0m
Completed 500 Internal Server Error in 222ms (ActiveRecord: 128.7ms)


  
NoMethodError (undefined method `article_url' for #<Api::V1::ArticlesController:0x4f34508>
Did you mean?  article_params):
  
app/controllers/api/v1/articles_controller.rb:16:in `create'
Started POST "/api/v1/articles" for 127.0.0.1 at 2017-07-14 15:35:20 +0700
Processing by Api::V1::ArticlesController#create as */*
  Parameters: {"title"=>"Hello from Rails", "body"=>"Rails is love!", "published"=>false, "article"=>{"title"=>"Hello from Rails", "body"=>"Rails is love!", "published"=>false}}
  [1m[35m (0.0ms)[0m  [1m[36mbegin transaction[0m
  [1m[35mSQL (1.0ms)[0m  [1m[32mINSERT INTO "articles" ("title", "body", "published", "created_at", "updated_at") VALUES (?, ?, ?, ?, ?)[0m  [["title", "Hello from Rails"], ["body", "Rails is love!"], ["published", "f"], ["created_at", "2017-07-14 08:35:20.726880"], ["updated_at", "2017-07-14 08:35:20.726880"]]
  [1m[35m (126.1ms)[0m  [1m[36mcommit transaction[0m
Completed 201 Created in 138ms (Views: 3.2ms | ActiveRecord: 128.1ms)


Started POST "/api/v1/articles" for 127.0.0.1 at 2017-07-14 15:36:02 +0700
Processing by Api::V1::ArticlesController#create as */*
  Parameters: {"title"=>"Hello from Angular", "body"=>"Angular is love!", "published"=>false, "article"=>{"title"=>"Hello from Angular", "body"=>"Angular is love!", "published"=>false}}
  [1m[35m (0.0ms)[0m  [1m[36mbegin transaction[0m
  [1m[35mSQL (1.0ms)[0m  [1m[32mINSERT INTO "articles" ("title", "body", "published", "created_at", "updated_at") VALUES (?, ?, ?, ?, ?)[0m  [["title", "Hello from Angular"], ["body", "Angular is love!"], ["published", "f"], ["created_at", "2017-07-14 08:36:02.674911"], ["updated_at", "2017-07-14 08:36:02.674911"]]
  [1m[35m (125.1ms)[0m  [1m[36mcommit transaction[0m
Completed 201 Created in 137ms (Views: 1.6ms | ActiveRecord: 127.1ms)


Started GET "/api/v1/articles" for 127.0.0.1 at 2017-07-14 15:36:13 +0700
Processing by Api::V1::ArticlesController#index as HTML
  [1m[36mArticle Load (1.0ms)[0m  [1m[34mSELECT "articles".* FROM "articles"[0m
Completed 200 OK in 4ms (Views: 2.8ms | ActiveRecord: 1.0ms)


Started GET "/api/v1/articles" for 127.0.0.1 at 2017-07-14 15:36:43 +0700
Processing by Api::V1::ArticlesController#index as HTML
  [1m[36mArticle Load (1.0ms)[0m  [1m[34mSELECT "articles".* FROM "articles"[0m
Completed 200 OK in 6ms (Views: 4.4ms | ActiveRecord: 1.0ms)


Started POST "/api/v1/articles" for 127.0.0.1 at 2017-07-14 15:37:32 +0700
Processing by Api::V1::ArticlesController#create as */*
  Parameters: {"title"=>"Hello from Angular", "body"=>"Angular is love!", "publishesd"=>false, "article"=>{"title"=>"Hello from Angular", "body"=>"Angular is love!"}}
  [1m[35m (0.0ms)[0m  [1m[36mbegin transaction[0m
  [1m[35mSQL (1.0ms)[0m  [1m[32mINSERT INTO "articles" ("title", "body", "created_at", "updated_at") VALUES (?, ?, ?, ?)[0m  [["title", "Hello from Angular"], ["body", "Angular is love!"], ["created_at", "2017-07-14 08:37:32.123550"], ["updated_at", "2017-07-14 08:37:32.123550"]]
  [1m[35m (96.1ms)[0m  [1m[36mcommit transaction[0m
Completed 201 Created in 103ms (Views: 1.8ms | ActiveRecord: 97.0ms)


Started POST "/api/v1/articles" for 127.0.0.1 at 2017-07-14 15:37:47 +0700
Processing by Api::V1::ArticlesController#create as */*
  Parameters: {"titles"=>"Hello from Angular", "bodys"=>"Angular is love!", "publishesd"=>false, "article"=>{}}
Completed 400 Bad Request in 1ms (ActiveRecord: 0.0ms)


  
ActionController::ParameterMissing (param is missing or the value is empty: article):
  
app/controllers/api/v1/articles_controller.rb:40:in `article_params'
app/controllers/api/v1/articles_controller.rb:14:in `create'
Started POST "/api/v1/articles" for 127.0.0.1 at 2017-07-14 15:38:39 +0700
Processing by Api::V1::ArticlesController#create as */*
  Parameters: {"titles"=>"Hello from Angular", "bodys"=>"Angular is love!", "publishesd"=>false, "article"=>{}}
Completed 400 Bad Request in 0ms (ActiveRecord: 1.0ms)


  
ActionController::ParameterMissing (param is missing or the value is empty: article):
  
app/controllers/api/v1/articles_controller.rb:40:in `article_params'
app/controllers/api/v1/articles_controller.rb:14:in `create'
Started POST "/api/v1/articles" for 127.0.0.1 at 2017-07-14 15:38:49 +0700
Processing by Api::V1::ArticlesController#create as */*
  Parameters: {"titles"=>"Hello from Angular", "bodys"=>"Angular is love!", "publishesd"=>false, "article"=>{}}
Completed 400 Bad Request in 1ms (ActiveRecord: 1.0ms)


  
ActionController::ParameterMissing (param is missing or the value is empty: article):
  
app/controllers/api/v1/articles_controller.rb:40:in `article_params'
app/controllers/api/v1/articles_controller.rb:14:in `create'
Started POST "/api/v1/articles" for 127.0.0.1 at 2017-07-14 15:39:13 +0700
Processing by Api::V1::ArticlesController#create as */*
  Parameters: {"titles"=>"Hello from Angular", "bodys"=>"Angular is love!", "publishesd"=>false, "article"=>{}}
Completed 400 Bad Request in 0ms (ActiveRecord: 1.0ms)


  
ActionController::ParameterMissing (param is missing or the value is empty: article):
  
app/controllers/api/v1/articles_controller.rb:40:in `article_params'
app/controllers/api/v1/articles_controller.rb:14:in `create'
Started POST "/api/v1/articles" for 127.0.0.1 at 2017-07-14 15:39:22 +0700
Processing by Api::V1::ArticlesController#create as */*
  Parameters: {"titles"=>"Hello from Angular", "bodys"=>"Angular is love!", "publishesd"=>false, "article"=>{}}
Completed 400 Bad Request in 0ms (ActiveRecord: 1.0ms)


  
ActionController::ParameterMissing (param is missing or the value is empty: article):
  
app/controllers/api/v1/articles_controller.rb:40:in `article_params'
app/controllers/api/v1/articles_controller.rb:14:in `create'
Started POST "/api/v1/articles" for 127.0.0.1 at 2017-07-14 15:39:45 +0700
Processing by Api::V1::ArticlesController#create as */*
  Parameters: {"titles"=>"Hello from Angular", "bodys"=>"Angular is love!", "publishesd"=>false, "article"=>{}}
Completed 400 Bad Request in 1ms (ActiveRecord: 1.5ms)


  
ActionController::ParameterMissing (param is missing or the value is empty: article):
  
app/controllers/api/v1/articles_controller.rb:40:in `article_params'
app/controllers/api/v1/articles_controller.rb:14:in `create'
Started POST "/api/v1/articles" for 127.0.0.1 at 2017-07-14 15:40:42 +0700
Processing by Api::V1::ArticlesController#create as */*
  Parameters: {"titles"=>"Hello from Angular", "bodys"=>"Angular is love!", "publishesd"=>false, "article"=>{}}
  [1m[35m (0.0ms)[0m  [1m[36mbegin transaction[0m
  [1m[35mSQL (1.0ms)[0m  [1m[32mINSERT INTO "articles" ("created_at", "updated_at") VALUES (?, ?)[0m  [["created_at", "2017-07-14 08:40:42.730203"], ["updated_at", "2017-07-14 08:40:42.730203"]]
  [1m[35m (121.1ms)[0m  [1m[36mcommit transaction[0m
Completed 201 Created in 132ms (Views: 1.6ms | ActiveRecord: 123.1ms)


Started PUT "/api/v1/articles" for 127.0.0.1 at 2017-07-14 15:41:51 +0700
  
ActionController::RoutingError (No route matches [PUT] "/api/v1/articles"):
  
actionpack (5.0.4) lib/action_dispatch/middleware/debug_exceptions.rb:53:in `call'
actionpack (5.0.4) lib/action_dispatch/middleware/show_exceptions.rb:31:in `call'
railties (5.0.4) lib/rails/rack/logger.rb:36:in `call_app'
railties (5.0.4) lib/rails/rack/logger.rb:24:in `block in call'
activesupport (5.0.4) lib/active_support/tagged_logging.rb:69:in `block in tagged'
activesupport (5.0.4) lib/active_support/tagged_logging.rb:26:in `tagged'
activesupport (5.0.4) lib/active_support/tagged_logging.rb:69:in `tagged'
railties (5.0.4) lib/rails/rack/logger.rb:24:in `call'
actionpack (5.0.4) lib/action_dispatch/middleware/request_id.rb:24:in `call'
rack (2.0.3) lib/rack/runtime.rb:22:in `call'
activesupport (5.0.4) lib/active_support/cache/strategy/local_cache_middleware.rb:28:in `call'
actionpack (5.0.4) lib/action_dispatch/middleware/executor.rb:12:in `call'
actionpack (5.0.4) lib/action_dispatch/middleware/static.rb:136:in `call'
rack (2.0.3) lib/rack/sendfile.rb:111:in `call'
railties (5.0.4) lib/rails/engine.rb:522:in `call'
puma (3.9.1) lib/puma/configuration.rb:224:in `call'
puma (3.9.1) lib/puma/server.rb:602:in `handle_request'
puma (3.9.1) lib/puma/server.rb:435:in `process_client'
puma (3.9.1) lib/puma/server.rb:299:in `block in run'
puma (3.9.1) lib/puma/thread_pool.rb:120:in `block in spawn_thread'
Started PATCH "/api/v1/articles" for 127.0.0.1 at 2017-07-14 15:42:10 +0700
  
ActionController::RoutingError (No route matches [PATCH] "/api/v1/articles"):
  
actionpack (5.0.4) lib/action_dispatch/middleware/debug_exceptions.rb:53:in `call'
actionpack (5.0.4) lib/action_dispatch/middleware/show_exceptions.rb:31:in `call'
railties (5.0.4) lib/rails/rack/logger.rb:36:in `call_app'
railties (5.0.4) lib/rails/rack/logger.rb:24:in `block in call'
activesupport (5.0.4) lib/active_support/tagged_logging.rb:69:in `block in tagged'
activesupport (5.0.4) lib/active_support/tagged_logging.rb:26:in `tagged'
activesupport (5.0.4) lib/active_support/tagged_logging.rb:69:in `tagged'
railties (5.0.4) lib/rails/rack/logger.rb:24:in `call'
actionpack (5.0.4) lib/action_dispatch/middleware/request_id.rb:24:in `call'
rack (2.0.3) lib/rack/runtime.rb:22:in `call'
activesupport (5.0.4) lib/active_support/cache/strategy/local_cache_middleware.rb:28:in `call'
actionpack (5.0.4) lib/action_dispatch/middleware/executor.rb:12:in `call'
actionpack (5.0.4) lib/action_dispatch/middleware/static.rb:136:in `call'
rack (2.0.3) lib/rack/sendfile.rb:111:in `call'
railties (5.0.4) lib/rails/engine.rb:522:in `call'
puma (3.9.1) lib/puma/configuration.rb:224:in `call'
puma (3.9.1) lib/puma/server.rb:602:in `handle_request'
puma (3.9.1) lib/puma/server.rb:435:in `process_client'
puma (3.9.1) lib/puma/server.rb:299:in `block in run'
puma (3.9.1) lib/puma/thread_pool.rb:120:in `block in spawn_thread'
Started PUT "/api/v1/articles/9" for 127.0.0.1 at 2017-07-14 15:43:04 +0700
Processing by Api::V1::ArticlesController#update as */*
  Parameters: {"title"=>"Hello from Angular", "body"=>"This is a sample from Angular", "published"=>false, "id"=>"9", "article"=>{"title"=>"Hello from Angular", "body"=>"This is a sample from Angular", "published"=>false}}
  [1m[36mArticle Load (1.0ms)[0m  [1m[34mSELECT  "articles".* FROM "articles" WHERE "articles"."id" = ? LIMIT ?[0m  [["id", 9], ["LIMIT", 1]]
  [1m[35m (0.0ms)[0m  [1m[36mbegin transaction[0m
  [1m[35mSQL (2.0ms)[0m  [1m[33mUPDATE "articles" SET "title" = ?, "body" = ?, "published" = ?, "updated_at" = ? WHERE "articles"."id" = ?[0m  [["title", "Hello from Angular"], ["body", "This is a sample from Angular"], ["published", "f"], ["updated_at", "2017-07-14 08:43:04.919425"], ["id", 9]]
  [1m[35m (83.9ms)[0m  [1m[36mcommit transaction[0m
Completed 200 OK in 155ms (Views: 1.9ms | ActiveRecord: 87.9ms)


Started GET "/api/v1/articles" for 127.0.0.1 at 2017-07-14 15:43:11 +0700
Processing by Api::V1::ArticlesController#index as HTML
  [1m[36mArticle Load (1.0ms)[0m  [1m[34mSELECT "articles".* FROM "articles"[0m
Completed 200 OK in 10ms (Views: 9.1ms | ActiveRecord: 1.0ms)


Started GET "/" for ::1 at 2017-07-14 22:18:21 +0700
  [1m[36mActiveRecord::SchemaMigration Load (0.2ms)[0m  [1m[34mSELECT "schema_migrations".* FROM "schema_migrations"[0m
Processing by ApplicationController#index as HTML
Completed 500 Internal Server Error in 7ms (ActiveRecord: 0.0ms)


  
ActionView::MissingTemplate (Missing template public/index.html with {:locale=>[:en], :formats=>[:html], :variants=>[], :handlers=>[:raw, :erb, :html, :builder, :ruby]}. Searched in:
  * "/Users/borrom/Documents/Web/sync-starter/app/views"
  * "/Users/borrom/Documents/Web/sync-starter"
  * "/"
):
  
app/controllers/application_controller.rb:3:in `index'
Started GET "/" for ::1 at 2017-07-14 22:18:27 +0700
Processing by ApplicationController#index as HTML
Completed 500 Internal Server Error in 3ms (ActiveRecord: 0.0ms)


  
ActionView::MissingTemplate (Missing template public/index.html with {:locale=>[:en], :formats=>[:html], :variants=>[], :handlers=>[:raw, :erb, :html, :builder, :ruby]}. Searched in:
  * "/Users/borrom/Documents/Web/sync-starter/app/views"
  * "/Users/borrom/Documents/Web/sync-starter"
  * "/"
):
  
app/controllers/application_controller.rb:3:in `index'
Started GET "/favicon.ico" for ::1 at 2017-07-14 22:18:28 +0700
Processing by ApplicationController#index as 
  Parameters: {"any"=>"favicon"}
Completed 500 Internal Server Error in 28ms (ActiveRecord: 0.0ms)


  
ActionView::MissingTemplate (Missing template public/index.html with {:locale=>[:en], :formats=>[:html, :text, :js, :css, :ics, :csv, :vcf, :png, :jpeg, :gif, :bmp, :tiff, :svg, :mpeg, :xml, :rss, :atom, :yaml, :multipart_form, :url_encoded_form, :json, :pdf, :zip, :gzip], :variants=>[], :handlers=>[:raw, :erb, :html, :builder, :ruby]}. Searched in:
  * "/Users/borrom/Documents/Web/sync-starter/app/views"
  * "/Users/borrom/Documents/Web/sync-starter"
  * "/"
):
  
app/controllers/application_controller.rb:3:in `index'
Started GET "/" for ::1 at 2017-07-14 22:25:36 +0700
  [1m[36mActiveRecord::SchemaMigration Load (0.1ms)[0m  [1m[34mSELECT "schema_migrations".* FROM "schema_migrations"[0m
Processing by ApplicationController#index as HTML
Completed 500 Internal Server Error in 7ms (ActiveRecord: 0.0ms)


  
ActionView::MissingTemplate (Missing template public/index.html with {:locale=>[:en], :formats=>[:html], :variants=>[], :handlers=>[:raw, :erb, :html, :builder, :ruby]}. Searched in:
  * "/Users/borrom/Documents/Web/sync-starter/app/views"
  * "/Users/borrom/Documents/Web/sync-starter"
  * "/"
):
  
app/controllers/application_controller.rb:3:in `index'
Started GET "/assets/images/logo.png" for ::1 at 2017-07-14 22:33:02 +0700
  [1m[36mActiveRecord::SchemaMigration Load (0.1ms)[0m  [1m[34mSELECT "schema_migrations".* FROM "schema_migrations"[0m
Processing by ApplicationController#index as PNG
  Parameters: {"any"=>"assets/images/logo"}
  Rendering public/index.html
  Rendered public/index.html (2.6ms)
Completed 200 OK in 16ms (Views: 15.5ms | ActiveRecord: 0.0ms)


Started GET "/assets/images/logo.png" for ::1 at 2017-07-14 22:34:08 +0700
Processing by ApplicationController#index as PNG
  Parameters: {"any"=>"assets/images/logo"}
  Rendering public/index.html
  Rendered public/index.html (0.4ms)
Completed 200 OK in 7ms (Views: 7.2ms | ActiveRecord: 0.0ms)


Started GET "/assets/images/logo.png" for ::1 at 2017-07-14 22:34:36 +0700
Processing by ApplicationController#index as PNG
  Parameters: {"any"=>"assets/images/logo"}
  Rendering public/index.html
  Rendered public/index.html (0.4ms)
Completed 200 OK in 7ms (Views: 6.6ms | ActiveRecord: 0.0ms)


Started GET "/assets/images/logo.png" for ::1 at 2017-07-14 22:35:26 +0700
Processing by ApplicationController#index as PNG
  Parameters: {"any"=>"assets/images/logo"}
  Rendering public/index.html
  Rendered public/index.html (0.4ms)
Completed 200 OK in 7ms (Views: 7.1ms | ActiveRecord: 0.0ms)


Started GET "/" for ::1 at 2017-07-15 07:43:27 +0700
  [1m[36mActiveRecord::SchemaMigration Load (0.1ms)[0m  [1m[34mSELECT "schema_migrations".* FROM "schema_migrations"[0m
Processing by ApplicationController#index as HTML
Completed 500 Internal Server Error in 7ms (ActiveRecord: 0.0ms)


  
ActionView::MissingTemplate (Missing template public/index.html with {:locale=>[:en], :formats=>[:html], :variants=>[], :handlers=>[:raw, :erb, :html, :builder, :ruby]}. Searched in:
  * "/Users/borrom/Documents/Web/sync-starter/app/views"
  * "/Users/borrom/Documents/Web/sync-starter"
  * "/"
):
  
app/controllers/application_controller.rb:3:in `index'
Started GET "/" for ::1 at 2017-07-15 07:43:30 +0700
Processing by ApplicationController#index as HTML
Completed 500 Internal Server Error in 3ms (ActiveRecord: 0.0ms)


  
ActionView::MissingTemplate (Missing template public/index.html with {:locale=>[:en], :formats=>[:html], :variants=>[], :handlers=>[:raw, :erb, :html, :builder, :ruby]}. Searched in:
  * "/Users/borrom/Documents/Web/sync-starter/app/views"
  * "/Users/borrom/Documents/Web/sync-starter"
  * "/"
):
  
app/controllers/application_controller.rb:3:in `index'
